2025-10-23 23:12:22,660 [Worker-7: Loading available Gradle versions] INFO  o.e.b.c.i.u.g.PublishedGradleVersions - Gradle version information cache is not available. Remote download required.
2025-10-23 23:14:47,970 [Worker-17: Import Getting Started Content] INFO  o.e.m.c.i.l.LifecycleMappingFactory - Using org.eclipse.m2e.jdt.JarLifecycleMapping lifecycle mapping for MavenProject: com.klef.dev:TRAINAPI-SPRINGBOOT:0.0.1-SNAPSHOT @ /Users/chilakakritikareddy/Desktop/devops practice /DockerPractice/TRAINAPI-SPRINGBOOT/pom.xml.
2025-10-23 23:14:48,512 [Worker-17: Import Getting Started Content] INFO  o.e.m.j.i.AbstractJavaProjectConfigurator - Adding source folder /TRAINAPI-SPRINGBOOT/src/main/java
2025-10-23 23:14:48,518 [Worker-17: Import Getting Started Content] INFO  o.e.m.j.i.AbstractJavaProjectConfigurator - Adding resource folder /TRAINAPI-SPRINGBOOT/src/main/resources
2025-10-23 23:14:48,521 [Worker-17: Import Getting Started Content] INFO  o.e.m.j.i.AbstractJavaProjectConfigurator - Adding resource folder /TRAINAPI-SPRINGBOOT/src/main/resources
2025-10-23 23:14:48,524 [Worker-17: Import Getting Started Content] INFO  o.e.m.j.i.AbstractJavaProjectConfigurator - Adding source folder /TRAINAPI-SPRINGBOOT/src/test/java
2025-10-23 23:14:48,525 [Worker-17: Import Getting Started Content] INFO  o.e.m.j.i.AbstractJavaProjectConfigurator - Adding resource folder /TRAINAPI-SPRINGBOOT/src/test/resources
2025-10-23 23:14:49,047 [Worker-17: Import Getting Started Content] INFO  o.e.m.c.i.p.ProjectConfigurationManager - Imported and configured 1 project(s) in 8 sec
2025-10-23 23:14:49,049 [Worker-17: Import Getting Started Content] INFO  o.e.m.c.i.p.ProjectConfigurationManager - Update started
2025-10-23 23:14:49,141 [Worker-17: Import Getting Started Content] INFO  o.e.m.c.i.l.LifecycleMappingFactory - Using org.eclipse.m2e.jdt.JarLifecycleMapping lifecycle mapping for MavenProject: com.klef.dev:TRAINAPI-SPRINGBOOT:0.0.1-SNAPSHOT @ /Users/chilakakritikareddy/Desktop/devops practice /DockerPractice/TRAINAPI-SPRINGBOOT/pom.xml.
2025-10-23 23:14:49,272 [Worker-17: Import Getting Started Content] INFO  o.e.m.j.i.AbstractJavaProjectConfigurator - Adding source folder /TRAINAPI-SPRINGBOOT/src/main/java
2025-10-23 23:14:49,272 [Worker-17: Import Getting Started Content] INFO  o.e.m.j.i.AbstractJavaProjectConfigurator - Adding resource folder /TRAINAPI-SPRINGBOOT/src/main/resources
2025-10-23 23:14:49,272 [Worker-17: Import Getting Started Content] INFO  o.e.m.j.i.AbstractJavaProjectConfigurator - Adding resource folder /TRAINAPI-SPRINGBOOT/src/main/resources
2025-10-23 23:14:49,272 [Worker-17: Import Getting Started Content] INFO  o.e.m.j.i.AbstractJavaProjectConfigurator - Adding source folder /TRAINAPI-SPRINGBOOT/src/test/java
2025-10-23 23:14:49,272 [Worker-17: Import Getting Started Content] INFO  o.e.m.j.i.AbstractJavaProjectConfigurator - Adding resource folder /TRAINAPI-SPRINGBOOT/src/test/resources
2025-10-23 23:14:49,413 [Worker-17: Import Getting Started Content] INFO  o.e.m.c.i.p.ProjectConfigurationManager - Update completed for 1 poms: local refresh takes 0.00 sec, refresh facades takes 0.00 sec, update config takes 0.00 sec 
2025-10-23 23:14:49,928 [Worker-8: Building] INFO  o.a.m.s.f.DefaultMavenResourcesFiltering - Copying 1 resource from src/main/resources to target/classes
2025-10-23 23:14:49,936 [Worker-8: Building] INFO  o.a.m.s.f.DefaultMavenResourcesFiltering - Copying 0 resource from src/main/resources to target/classes
2025-10-23 23:14:49,940 [Worker-8: Building] INFO  o.a.m.s.f.DefaultMavenResourcesFiltering - skip non existing resourceDirectory /Users/chilakakritikareddy/Desktop/devops practice /DockerPractice/TRAINAPI-SPRINGBOOT/src/test/resources
2025-10-23 23:15:19,277 [Worker-6: Building] INFO  o.a.m.s.f.DefaultMavenResourcesFiltering - Copying 1 resource from src/main/resources to target/classes
2025-10-23 23:15:19,316 [Worker-6: Building] INFO  o.a.m.s.f.DefaultMavenResourcesFiltering - Copying 0 resource from src/main/resources to target/classes
2025-10-23 23:15:19,326 [Worker-6: Building] INFO  o.a.m.s.f.DefaultMavenResourcesFiltering - skip non existing resourceDirectory /Users/chilakakritikareddy/Desktop/devops practice /DockerPractice/TRAINAPI-SPRINGBOOT/src/test/resources
2025-10-23 23:15:25,737 [Worker-16: Building] INFO  o.a.m.s.f.DefaultMavenResourcesFiltering - Copying 1 resource from src/main/resources to target/classes
2025-10-23 23:15:25,752 [Worker-16: Building] INFO  o.a.m.s.f.DefaultMavenResourcesFiltering - Copying 0 resource from src/main/resources to target/classes
2025-10-23 23:15:25,757 [Worker-16: Building] INFO  o.a.m.s.f.DefaultMavenResourcesFiltering - skip non existing resourceDirectory /Users/chilakakritikareddy/Desktop/devops practice /DockerPractice/TRAINAPI-SPRINGBOOT/src/test/resources
2025-10-23 23:15:31,013 [Worker-16: Building] INFO  o.a.m.s.f.DefaultMavenResourcesFiltering - Copying 1 resource from src/main/resources to target/classes
2025-10-23 23:15:31,035 [Worker-16: Building] INFO  o.a.m.s.f.DefaultMavenResourcesFiltering - Copying 0 resource from src/main/resources to target/classes
2025-10-23 23:15:31,045 [Worker-16: Building] INFO  o.a.m.s.f.DefaultMavenResourcesFiltering - skip non existing resourceDirectory /Users/chilakakritikareddy/Desktop/devops practice /DockerPractice/TRAINAPI-SPRINGBOOT/src/test/resources
2025-10-23 23:15:34,368 [Worker-16: Building] INFO  o.a.m.s.f.DefaultMavenResourcesFiltering - Copying 1 resource from src/main/resources to target/classes
2025-10-23 23:15:34,380 [Worker-16: Building] INFO  o.a.m.s.f.DefaultMavenResourcesFiltering - Copying 0 resource from src/main/resources to target/classes
2025-10-23 23:15:34,384 [Worker-16: Building] INFO  o.a.m.s.f.DefaultMavenResourcesFiltering - skip non existing resourceDirectory /Users/chilakakritikareddy/Desktop/devops practice /DockerPractice/TRAINAPI-SPRINGBOOT/src/test/resources
2025-10-23 23:17:58,107 [Worker-20: Building] INFO  o.a.m.s.f.DefaultMavenResourcesFiltering - Copying 1 resource from src/main/resources to target/classes
2025-10-23 23:17:58,133 [Worker-20: Building] INFO  o.a.m.s.f.DefaultMavenResourcesFiltering - Copying 0 resource from src/main/resources to target/classes
2025-10-23 23:17:58,144 [Worker-20: Building] INFO  o.a.m.s.f.DefaultMavenResourcesFiltering - skip non existing resourceDirectory /Users/chilakakritikareddy/Desktop/devops practice /DockerPractice/TRAINAPI-SPRINGBOOT/src/test/resources
2025-10-23 23:18:06,776 [Worker-27: Building] INFO  o.a.m.s.f.DefaultMavenResourcesFiltering - Copying 1 resource from src/main/resources to target/classes
2025-10-23 23:18:06,794 [Worker-27: Building] INFO  o.a.m.s.f.DefaultMavenResourcesFiltering - Copying 0 resource from src/main/resources to target/classes
2025-10-23 23:18:06,796 [Worker-27: Building] INFO  o.a.m.s.f.DefaultMavenResourcesFiltering - skip non existing resourceDirectory /Users/chilakakritikareddy/Desktop/devops practice /DockerPractice/TRAINAPI-SPRINGBOOT/src/test/resources
2025-10-23 23:18:23,789 [Worker-20: Building] INFO  o.a.m.s.f.DefaultMavenResourcesFiltering - Copying 1 resource from src/main/resources to target/classes
2025-10-23 23:18:23,815 [Worker-20: Building] INFO  o.a.m.s.f.DefaultMavenResourcesFiltering - Copying 0 resource from src/main/resources to target/classes
2025-10-23 23:18:23,818 [Worker-20: Building] INFO  o.a.m.s.f.DefaultMavenResourcesFiltering - skip non existing resourceDirectory /Users/chilakakritikareddy/Desktop/devops practice /DockerPractice/TRAINAPI-SPRINGBOOT/src/test/resources
2025-10-23 23:18:38,795 [Worker-6: Building] INFO  o.a.m.s.f.DefaultMavenResourcesFiltering - Copying 1 resource from src/main/resources to target/classes
2025-10-23 23:18:38,814 [Worker-6: Building] INFO  o.a.m.s.f.DefaultMavenResourcesFiltering - Copying 0 resource from src/main/resources to target/classes
2025-10-23 23:18:38,816 [Worker-6: Building] INFO  o.a.m.s.f.DefaultMavenResourcesFiltering - skip non existing resourceDirectory /Users/chilakakritikareddy/Desktop/devops practice /DockerPractice/TRAINAPI-SPRINGBOOT/src/test/resources
2025-10-23 23:18:56,803 [Worker-18: Building] INFO  o.a.m.s.f.DefaultMavenResourcesFiltering - Copying 1 resource from src/main/resources to target/classes
2025-10-23 23:18:56,816 [Worker-18: Building] INFO  o.a.m.s.f.DefaultMavenResourcesFiltering - Copying 0 resource from src/main/resources to target/classes
2025-10-23 23:18:56,818 [Worker-18: Building] INFO  o.a.m.s.f.DefaultMavenResourcesFiltering - skip non existing resourceDirectory /Users/chilakakritikareddy/Desktop/devops practice /DockerPractice/TRAINAPI-SPRINGBOOT/src/test/resources
2025-10-23 23:20:30,162 [Worker-20: Building] INFO  o.a.m.s.f.DefaultMavenResourcesFiltering - Copying 1 resource from src/main/resources to target/classes
2025-10-23 23:20:30,198 [Worker-20: Building] INFO  o.a.m.s.f.DefaultMavenResourcesFiltering - Copying 0 resource from src/main/resources to target/classes
2025-10-23 23:20:30,204 [Worker-20: Building] INFO  o.a.m.s.f.DefaultMavenResourcesFiltering - skip non existing resourceDirectory /Users/chilakakritikareddy/Desktop/devops practice /DockerPractice/TRAINAPI-SPRINGBOOT/src/test/resources
2025-10-23 23:23:57,964 [Worker-28: Building] INFO  o.a.m.s.f.DefaultMavenResourcesFiltering - Copying 1 resource from src/main/resources to target/classes
2025-10-23 23:23:57,994 [Worker-28: Building] INFO  o.a.m.s.f.DefaultMavenResourcesFiltering - Copying 0 resource from src/main/resources to target/classes
2025-10-23 23:23:57,997 [Worker-28: Building] INFO  o.a.m.s.f.DefaultMavenResourcesFiltering - skip non existing resourceDirectory /Users/chilakakritikareddy/Desktop/devops practice /DockerPractice/TRAINAPI-SPRINGBOOT/src/test/resources
2025-10-23 23:24:32,007 [Worker-30: Building] INFO  o.a.m.s.f.DefaultMavenResourcesFiltering - Copying 1 resource from src/main/resources to target/classes
2025-10-23 23:24:32,094 [Worker-30: Building] INFO  o.a.m.s.f.DefaultMavenResourcesFiltering - Copying 0 resource from src/main/resources to target/classes
2025-10-23 23:24:32,098 [Worker-30: Building] INFO  o.a.m.s.f.DefaultMavenResourcesFiltering - skip non existing resourceDirectory /Users/chilakakritikareddy/Desktop/devops practice /DockerPractice/TRAINAPI-SPRINGBOOT/src/test/resources
2025-10-23 23:25:09,005 [Worker-30: Building] INFO  o.a.m.s.f.DefaultMavenResourcesFiltering - Copying 1 resource from src/main/resources to target/classes
2025-10-23 23:25:09,053 [Worker-30: Building] INFO  o.a.m.s.f.DefaultMavenResourcesFiltering - Copying 0 resource from src/main/resources to target/classes
2025-10-23 23:25:09,057 [Worker-30: Building] INFO  o.a.m.s.f.DefaultMavenResourcesFiltering - skip non existing resourceDirectory /Users/chilakakritikareddy/Desktop/devops practice /DockerPractice/TRAINAPI-SPRINGBOOT/src/test/resources
2025-10-23 23:26:23,683 [Worker-30: Building] INFO  o.a.m.s.f.DefaultMavenResourcesFiltering - Copying 1 resource from src/main/resources to target/classes
2025-10-23 23:26:23,691 [Worker-30: Building] INFO  o.a.m.s.f.DefaultMavenResourcesFiltering - Copying 0 resource from src/main/resources to target/classes
2025-10-23 23:26:23,694 [Worker-30: Building] INFO  o.a.m.s.f.DefaultMavenResourcesFiltering - skip non existing resourceDirectory /Users/chilakakritikareddy/Desktop/devops practice /DockerPractice/TRAINAPI-SPRINGBOOT/src/test/resources
2025-10-23 23:27:04,578 [Worker-28: Building] INFO  o.a.m.s.f.DefaultMavenResourcesFiltering - Copying 1 resource from src/main/resources to target/classes
2025-10-23 23:27:04,586 [Worker-28: Building] INFO  o.a.m.s.f.DefaultMavenResourcesFiltering - Copying 0 resource from src/main/resources to target/classes
2025-10-23 23:27:04,588 [Worker-28: Building] INFO  o.a.m.s.f.DefaultMavenResourcesFiltering - skip non existing resourceDirectory /Users/chilakakritikareddy/Desktop/devops practice /DockerPractice/TRAINAPI-SPRINGBOOT/src/test/resources
2025-10-23 23:27:22,406 [Worker-30: Building] INFO  o.a.m.s.f.DefaultMavenResourcesFiltering - Copying 1 resource from src/main/resources to target/classes
2025-10-23 23:27:22,422 [Worker-30: Building] INFO  o.a.m.s.f.DefaultMavenResourcesFiltering - Copying 0 resource from src/main/resources to target/classes
2025-10-23 23:27:22,427 [Worker-30: Building] INFO  o.a.m.s.f.DefaultMavenResourcesFiltering - skip non existing resourceDirectory /Users/chilakakritikareddy/Desktop/devops practice /DockerPractice/TRAINAPI-SPRINGBOOT/src/test/resources
2025-10-23 23:27:24,465 [Worker-31: Building] INFO  o.a.m.s.f.DefaultMavenResourcesFiltering - Copying 1 resource from src/main/resources to target/classes
2025-10-23 23:27:24,489 [Worker-31: Building] INFO  o.a.m.s.f.DefaultMavenResourcesFiltering - Copying 0 resource from src/main/resources to target/classes
2025-10-23 23:27:24,493 [Worker-31: Building] INFO  o.a.m.s.f.DefaultMavenResourcesFiltering - skip non existing resourceDirectory /Users/chilakakritikareddy/Desktop/devops practice /DockerPractice/TRAINAPI-SPRINGBOOT/src/test/resources
2025-10-23 23:27:26,837 [Worker-31: Building] INFO  o.a.m.s.f.DefaultMavenResourcesFiltering - Copying 1 resource from src/main/resources to target/classes
2025-10-23 23:27:26,849 [Worker-31: Building] INFO  o.a.m.s.f.DefaultMavenResourcesFiltering - Copying 0 resource from src/main/resources to target/classes
2025-10-23 23:27:26,852 [Worker-31: Building] INFO  o.a.m.s.f.DefaultMavenResourcesFiltering - skip non existing resourceDirectory /Users/chilakakritikareddy/Desktop/devops practice /DockerPractice/TRAINAPI-SPRINGBOOT/src/test/resources
2025-10-23 23:27:32,596 [Worker-30: Building] INFO  o.a.m.s.f.DefaultMavenResourcesFiltering - Copying 1 resource from src/main/resources to target/classes
2025-10-23 23:27:32,633 [Worker-30: Building] INFO  o.a.m.s.f.DefaultMavenResourcesFiltering - Copying 0 resource from src/main/resources to target/classes
2025-10-23 23:27:32,636 [Worker-30: Building] INFO  o.a.m.s.f.DefaultMavenResourcesFiltering - skip non existing resourceDirectory /Users/chilakakritikareddy/Desktop/devops practice /DockerPractice/TRAINAPI-SPRINGBOOT/src/test/resources
2025-10-23 23:27:33,673 [Worker-30: Building] INFO  o.a.m.s.f.DefaultMavenResourcesFiltering - Copying 1 resource from src/main/resources to target/classes
2025-10-23 23:27:33,712 [Worker-30: Building] INFO  o.a.m.s.f.DefaultMavenResourcesFiltering - Copying 0 resource from src/main/resources to target/classes
2025-10-23 23:27:33,715 [Worker-30: Building] INFO  o.a.m.s.f.DefaultMavenResourcesFiltering - skip non existing resourceDirectory /Users/chilakakritikareddy/Desktop/devops practice /DockerPractice/TRAINAPI-SPRINGBOOT/src/test/resources
2025-10-23 23:27:47,832 [Worker-30: Building] INFO  o.a.m.s.f.DefaultMavenResourcesFiltering - Copying 1 resource from src/main/resources to target/classes
2025-10-23 23:27:47,871 [Worker-30: Building] INFO  o.a.m.s.f.DefaultMavenResourcesFiltering - Copying 0 resource from src/main/resources to target/classes
2025-10-23 23:27:47,873 [Worker-30: Building] INFO  o.a.m.s.f.DefaultMavenResourcesFiltering - skip non existing resourceDirectory /Users/chilakakritikareddy/Desktop/devops practice /DockerPractice/TRAINAPI-SPRINGBOOT/src/test/resources
2025-10-23 23:27:50,931 [Worker-30: Building] INFO  o.a.m.s.f.DefaultMavenResourcesFiltering - Copying 1 resource from src/main/resources to target/classes
2025-10-23 23:27:50,963 [Worker-30: Building] INFO  o.a.m.s.f.DefaultMavenResourcesFiltering - Copying 0 resource from src/main/resources to target/classes
2025-10-23 23:27:50,967 [Worker-30: Building] INFO  o.a.m.s.f.DefaultMavenResourcesFiltering - skip non existing resourceDirectory /Users/chilakakritikareddy/Desktop/devops practice /DockerPractice/TRAINAPI-SPRINGBOOT/src/test/resources
2025-10-23 23:28:02,182 [Worker-31: Building] INFO  o.a.m.s.f.DefaultMavenResourcesFiltering - Copying 1 resource from src/main/resources to target/classes
2025-10-23 23:28:02,210 [Worker-31: Building] INFO  o.a.m.s.f.DefaultMavenResourcesFiltering - Copying 0 resource from src/main/resources to target/classes
2025-10-23 23:28:02,216 [Worker-31: Building] INFO  o.a.m.s.f.DefaultMavenResourcesFiltering - skip non existing resourceDirectory /Users/chilakakritikareddy/Desktop/devops practice /DockerPractice/TRAINAPI-SPRINGBOOT/src/test/resources
2025-10-23 23:28:09,617 [Worker-31: Building] INFO  o.a.m.s.f.DefaultMavenResourcesFiltering - Copying 1 resource from src/main/resources to target/classes
2025-10-23 23:28:09,637 [Worker-31: Building] INFO  o.a.m.s.f.DefaultMavenResourcesFiltering - Copying 0 resource from src/main/resources to target/classes
2025-10-23 23:28:09,638 [Worker-31: Building] INFO  o.a.m.s.f.DefaultMavenResourcesFiltering - skip non existing resourceDirectory /Users/chilakakritikareddy/Desktop/devops practice /DockerPractice/TRAINAPI-SPRINGBOOT/src/test/resources
2025-10-23 23:28:15,686 [Worker-28: Building] INFO  o.a.m.s.f.DefaultMavenResourcesFiltering - Copying 1 resource from src/main/resources to target/classes
2025-10-23 23:28:15,726 [Worker-28: Building] INFO  o.a.m.s.f.DefaultMavenResourcesFiltering - Copying 0 resource from src/main/resources to target/classes
2025-10-23 23:28:15,730 [Worker-28: Building] INFO  o.a.m.s.f.DefaultMavenResourcesFiltering - skip non existing resourceDirectory /Users/chilakakritikareddy/Desktop/devops practice /DockerPractice/TRAINAPI-SPRINGBOOT/src/test/resources
2025-10-23 23:28:21,192 [Worker-30: Building] INFO  o.a.m.s.f.DefaultMavenResourcesFiltering - Copying 1 resource from src/main/resources to target/classes
2025-10-23 23:28:21,228 [Worker-30: Building] INFO  o.a.m.s.f.DefaultMavenResourcesFiltering - Copying 0 resource from src/main/resources to target/classes
2025-10-23 23:28:21,232 [Worker-30: Building] INFO  o.a.m.s.f.DefaultMavenResourcesFiltering - skip non existing resourceDirectory /Users/chilakakritikareddy/Desktop/devops practice /DockerPractice/TRAINAPI-SPRINGBOOT/src/test/resources
2025-10-23 23:29:40,034 [Worker-30: Building] INFO  o.a.m.s.f.DefaultMavenResourcesFiltering - Copying 1 resource from src/main/resources to target/classes
2025-10-23 23:29:40,060 [Worker-30: Building] INFO  o.a.m.s.f.DefaultMavenResourcesFiltering - Copying 0 resource from src/main/resources to target/classes
2025-10-23 23:29:40,063 [Worker-30: Building] INFO  o.a.m.s.f.DefaultMavenResourcesFiltering - skip non existing resourceDirectory /Users/chilakakritikareddy/Desktop/devops practice /DockerPractice/TRAINAPI-SPRINGBOOT/src/test/resources
2025-10-23 23:29:42,112 [Worker-31: Building] INFO  o.a.m.s.f.DefaultMavenResourcesFiltering - Copying 1 resource from src/main/resources to target/classes
2025-10-23 23:29:42,142 [Worker-31: Building] INFO  o.a.m.s.f.DefaultMavenResourcesFiltering - Copying 0 resource from src/main/resources to target/classes
2025-10-23 23:29:42,148 [Worker-31: Building] INFO  o.a.m.s.f.DefaultMavenResourcesFiltering - skip non existing resourceDirectory /Users/chilakakritikareddy/Desktop/devops practice /DockerPractice/TRAINAPI-SPRINGBOOT/src/test/resources
